13-Nov-2024 17:29:18.007 INFO [main] org.apache.catalina.startup.VersionLoggerListener.log Nombre de la versión del servidor: Apache Tomcat/10.1.31
13-Nov-2024 17:29:18.013 INFO [main] org.apache.catalina.startup.VersionLoggerListener.log Server built:                      Oct 3 2024 19:02:38 UTC
13-Nov-2024 17:29:18.013 INFO [main] org.apache.catalina.startup.VersionLoggerListener.log Número de versión de servidor:     10.1.31.0
13-Nov-2024 17:29:18.013 INFO [main] org.apache.catalina.startup.VersionLoggerListener.log OS Name:                           Windows 11
13-Nov-2024 17:29:18.014 INFO [main] org.apache.catalina.startup.VersionLoggerListener.log Versión de Systema Operativo:      10.0
13-Nov-2024 17:29:18.014 INFO [main] org.apache.catalina.startup.VersionLoggerListener.log Arquitectura:                      amd64
13-Nov-2024 17:29:18.014 INFO [main] org.apache.catalina.startup.VersionLoggerListener.log Java Home:                         C:\Program Files\Java\jdk-21
13-Nov-2024 17:29:18.014 INFO [main] org.apache.catalina.startup.VersionLoggerListener.log JVM Version:                       21.0.2+13-LTS-58
13-Nov-2024 17:29:18.015 INFO [main] org.apache.catalina.startup.VersionLoggerListener.log Vededor JVM:                       Oracle Corporation
13-Nov-2024 17:29:18.016 INFO [main] org.apache.catalina.startup.VersionLoggerListener.log CATALINA_BASE:                     C:\Users\USUARIO\Desktop\Taller\SuperLorenz\Tomcat 10.1.31\Windowsx64-apache-tomcat-10.1.31
13-Nov-2024 17:29:18.016 INFO [main] org.apache.catalina.startup.VersionLoggerListener.log CATALINA_HOME:                     C:\Users\USUARIO\Desktop\Taller\SuperLorenz\Tomcat 10.1.31\Windowsx64-apache-tomcat-10.1.31
13-Nov-2024 17:29:18.031 INFO [main] org.apache.catalina.startup.VersionLoggerListener.log Command line argument:             -Djava.util.logging.config.file=C:\Users\USUARIO\Desktop\Taller\SuperLorenz\Tomcat 10.1.31\Windowsx64-apache-tomcat-10.1.31\conf\logging.properties
13-Nov-2024 17:29:18.032 INFO [main] org.apache.catalina.startup.VersionLoggerListener.log Command line argument:             -Djava.util.logging.manager=org.apache.juli.ClassLoaderLogManager
13-Nov-2024 17:29:18.032 INFO [main] org.apache.catalina.startup.VersionLoggerListener.log Command line argument:             -Djdk.tls.ephemeralDHKeySize=2048
13-Nov-2024 17:29:18.032 INFO [main] org.apache.catalina.startup.VersionLoggerListener.log Command line argument:             -Djava.protocol.handler.pkgs=org.apache.catalina.webresources
13-Nov-2024 17:29:18.033 INFO [main] org.apache.catalina.startup.VersionLoggerListener.log Command line argument:             --add-opens=java.base/java.lang=ALL-UNNAMED
13-Nov-2024 17:29:18.033 INFO [main] org.apache.catalina.startup.VersionLoggerListener.log Command line argument:             --add-opens=java.base/java.io=ALL-UNNAMED
13-Nov-2024 17:29:18.034 INFO [main] org.apache.catalina.startup.VersionLoggerListener.log Command line argument:             --add-opens=java.base/java.util=ALL-UNNAMED
13-Nov-2024 17:29:18.035 INFO [main] org.apache.catalina.startup.VersionLoggerListener.log Command line argument:             --add-opens=java.base/java.util.concurrent=ALL-UNNAMED
13-Nov-2024 17:29:18.035 INFO [main] org.apache.catalina.startup.VersionLoggerListener.log Command line argument:             --add-opens=java.rmi/sun.rmi.transport=ALL-UNNAMED
13-Nov-2024 17:29:18.037 INFO [main] org.apache.catalina.startup.VersionLoggerListener.log Command line argument:             -Dcatalina.base=C:\Users\USUARIO\Desktop\Taller\SuperLorenz\Tomcat 10.1.31\Windowsx64-apache-tomcat-10.1.31
13-Nov-2024 17:29:18.037 INFO [main] org.apache.catalina.startup.VersionLoggerListener.log Command line argument:             -Dcatalina.home=C:\Users\USUARIO\Desktop\Taller\SuperLorenz\Tomcat 10.1.31\Windowsx64-apache-tomcat-10.1.31
13-Nov-2024 17:29:18.037 INFO [main] org.apache.catalina.startup.VersionLoggerListener.log Command line argument:             -Djava.io.tmpdir=C:\Users\USUARIO\Desktop\Taller\SuperLorenz\Tomcat 10.1.31\Windowsx64-apache-tomcat-10.1.31\temp
13-Nov-2024 17:29:18.056 INFO [main] org.apache.catalina.core.AprLifecycleListener.lifecycleEvent Cargada la biblioteca nativa APR de Apache Tomcat [2.0.8] con la versión APR [1.7.4].
13-Nov-2024 17:29:18.064 INFO [main] org.apache.catalina.core.AprLifecycleListener.initializeSSL OpenSSL inicializado correctamente [OpenSSL 3.0.14 4 Jun 2024]
13-Nov-2024 17:29:18.432 INFO [main] org.apache.coyote.AbstractProtocol.init Inicializando el manejador de protocolo ["http-nio-8080"]

13-Nov-2024 17:29:18.476 INFO [main] org.apache.catalina.startup.Catalina.load Server initialization in [723] milliseconds
13-Nov-2024 17:29:18.588 INFO [main] org.apache.catalina.core.StandardService.startInternal Arrancando servicio [Catalina]
13-Nov-2024 17:29:18.588 INFO [main] org.apache.catalina.core.StandardEngine.startInternal Starting Servlet engine: [Apache Tomcat/10.1.31]
13-Nov-2024 17:29:18.611 INFO [main] org.apache.catalina.startup.HostConfig.deployDirectory Desplegando el directorio [C:\Users\USUARIO\Desktop\Taller\SuperLorenz\Tomcat 10.1.31\Windowsx64-apache-tomcat-10.1.31\webapps\docs] de la aplicación web
13-Nov-2024 17:29:19.106 INFO [main] org.apache.catalina.startup.HostConfig.deployDirectory Deployment of web application directory [C:\Users\USUARIO\Desktop\Taller\SuperLorenz\Tomcat 10.1.31\Windowsx64-apache-tomcat-10.1.31\webapps\docs] has finished in [492] ms
13-Nov-2024 17:29:19.106 INFO [main] org.apache.catalina.startup.HostConfig.deployDirectory Desplegando el directorio [C:\Users\USUARIO\Desktop\Taller\SuperLorenz\Tomcat 10.1.31\Windowsx64-apache-tomcat-10.1.31\webapps\examples] de la aplicación web
13-Nov-2024 17:29:19.566 INFO [main] org.apache.catalina.startup.HostConfig.deployDirectory Deployment of web application directory [C:\Users\USUARIO\Desktop\Taller\SuperLorenz\Tomcat 10.1.31\Windowsx64-apache-tomcat-10.1.31\webapps\examples] has finished in [460] ms
13-Nov-2024 17:29:19.566 INFO [main] org.apache.catalina.startup.HostConfig.deployDirectory Desplegando el directorio [C:\Users\USUARIO\Desktop\Taller\SuperLorenz\Tomcat 10.1.31\Windowsx64-apache-tomcat-10.1.31\webapps\host-manager] de la aplicación web
13-Nov-2024 17:29:19.626 INFO [main] org.apache.catalina.startup.HostConfig.deployDirectory Deployment of web application directory [C:\Users\USUARIO\Desktop\Taller\SuperLorenz\Tomcat 10.1.31\Windowsx64-apache-tomcat-10.1.31\webapps\host-manager] has finished in [59] ms
13-Nov-2024 17:29:19.627 INFO [main] org.apache.catalina.startup.HostConfig.deployDirectory Desplegando el directorio [C:\Users\USUARIO\Desktop\Taller\SuperLorenz\Tomcat 10.1.31\Windowsx64-apache-tomcat-10.1.31\webapps\manager] de la aplicación web
13-Nov-2024 17:29:19.675 INFO [main] org.apache.catalina.startup.HostConfig.deployDirectory Deployment of web application directory [C:\Users\USUARIO\Desktop\Taller\SuperLorenz\Tomcat 10.1.31\Windowsx64-apache-tomcat-10.1.31\webapps\manager] has finished in [48] ms
13-Nov-2024 17:29:19.676 INFO [main] org.apache.catalina.startup.HostConfig.deployDirectory Desplegando el directorio [C:\Users\USUARIO\Desktop\Taller\SuperLorenz\Tomcat 10.1.31\Windowsx64-apache-tomcat-10.1.31\webapps\ROOT] de la aplicación web
13-Nov-2024 17:29:19.698 INFO [main] org.apache.catalina.startup.HostConfig.deployDirectory Deployment of web application directory [C:\Users\USUARIO\Desktop\Taller\SuperLorenz\Tomcat 10.1.31\Windowsx64-apache-tomcat-10.1.31\webapps\ROOT] has finished in [22] ms
13-Nov-2024 17:29:19.723 INFO [main] org.apache.coyote.AbstractProtocol.start Starting ProtocolHandler ["http-nio-8080"]
13-Nov-2024 17:29:19.775 INFO [main] org.apache.catalina.startup.Catalina.start Server startup in [1294] milliseconds
13-Nov-2024 17:29:36.457 INFO [http-nio-8080-exec-1] org.apache.catalina.startup.HostConfig.deployDescriptor Desplieque del descriptor de configuración [C:\Users\USUARIO\Desktop\Taller\SuperLorenz\Tomcat 10.1.31\Windowsx64-apache-tomcat-10.1.31\conf\Catalina\localhost\SuperLorenz.xml]
13-Nov-2024 17:29:36.458 WARNING [http-nio-8080-exec-1] org.apache.catalina.startup.HostConfig.deployDescriptor The path attribute with value [/SuperLorenz] in deployment descriptor [C:\Users\USUARIO\Desktop\Taller\SuperLorenz\Tomcat 10.1.31\Windowsx64-apache-tomcat-10.1.31\conf\Catalina\localhost\SuperLorenz.xml] has been ignored
13-Nov-2024 17:29:36.543 INFO [http-nio-8080-exec-1] org.apache.catalina.startup.HostConfig.deployDescriptor Deployment of deployment descriptor [C:\Users\USUARIO\Desktop\Taller\SuperLorenz\Tomcat 10.1.31\Windowsx64-apache-tomcat-10.1.31\conf\Catalina\localhost\SuperLorenz.xml] has finished in [87] ms
13-Nov-2024 17:29:36.549 INFO [http-nio-8080-exec-2] org.apache.catalina.util.LifecycleBase.start The start() method was called on component [StandardEngine[Catalina].StandardHost[localhost].StandardContext[/SuperLorenz]] after start() had already been called. The second call will be ignored.
