19-Nov-2024 16:42:14.141 INFO [main] org.apache.catalina.startup.VersionLoggerListener.log Server version name:   Apache Tomcat/10.1.33
19-Nov-2024 16:42:14.144 INFO [main] org.apache.catalina.startup.VersionLoggerListener.log Server built:          Nov 7 2024 22:28:55 UTC
19-Nov-2024 16:42:14.145 INFO [main] org.apache.catalina.startup.VersionLoggerListener.log Server version number: 10.1.33.0
19-Nov-2024 16:42:14.145 INFO [main] org.apache.catalina.startup.VersionLoggerListener.log OS Name:               Mac OS X
19-Nov-2024 16:42:14.145 INFO [main] org.apache.catalina.startup.VersionLoggerListener.log OS Version:            15.2
19-Nov-2024 16:42:14.145 INFO [main] org.apache.catalina.startup.VersionLoggerListener.log Architecture:          aarch64
19-Nov-2024 16:42:14.145 INFO [main] org.apache.catalina.startup.VersionLoggerListener.log Java Home:             /Library/Java/JavaVirtualMachines/temurin-21.jdk/Contents/Home
19-Nov-2024 16:42:14.145 INFO [main] org.apache.catalina.startup.VersionLoggerListener.log JVM Version:           21.0.4+7-LTS
19-Nov-2024 16:42:14.145 INFO [main] org.apache.catalina.startup.VersionLoggerListener.log JVM Vendor:            Eclipse Adoptium
19-Nov-2024 16:42:14.145 INFO [main] org.apache.catalina.startup.VersionLoggerListener.log CATALINA_BASE:         /Users/brian/Documents/GitHub/Bases-de-Datos-I/SuperLorenz/Tomcat 10.1.33/macOS & Linux Tomcat
19-Nov-2024 16:42:14.145 INFO [main] org.apache.catalina.startup.VersionLoggerListener.log CATALINA_HOME:         /Users/brian/Documents/GitHub/Bases-de-Datos-I/SuperLorenz/Tomcat 10.1.33/macOS & Linux Tomcat
19-Nov-2024 16:42:14.156 INFO [main] org.apache.catalina.startup.VersionLoggerListener.log Command line argument: -Djava.util.logging.config.file=/Users/brian/Documents/GitHub/Bases-de-Datos-I/SuperLorenz/Tomcat 10.1.33/macOS & Linux Tomcat/conf/logging.properties
19-Nov-2024 16:42:14.156 INFO [main] org.apache.catalina.startup.VersionLoggerListener.log Command line argument: -Djava.util.logging.manager=org.apache.juli.ClassLoaderLogManager
19-Nov-2024 16:42:14.156 INFO [main] org.apache.catalina.startup.VersionLoggerListener.log Command line argument: -Dhttp.nonProxyHosts=localhost|127.0.0.1|Brians-MacBook-Air
19-Nov-2024 16:42:14.156 INFO [main] org.apache.catalina.startup.VersionLoggerListener.log Command line argument: -Djdk.tls.ephemeralDHKeySize=2048
19-Nov-2024 16:42:14.156 INFO [main] org.apache.catalina.startup.VersionLoggerListener.log Command line argument: -Djava.protocol.handler.pkgs=org.apache.catalina.webresources
19-Nov-2024 16:42:14.156 INFO [main] org.apache.catalina.startup.VersionLoggerListener.log Command line argument: -Dorg.apache.catalina.security.SecurityListener.UMASK=0027
19-Nov-2024 16:42:14.156 INFO [main] org.apache.catalina.startup.VersionLoggerListener.log Command line argument: --add-opens=java.base/java.lang=ALL-UNNAMED
19-Nov-2024 16:42:14.156 INFO [main] org.apache.catalina.startup.VersionLoggerListener.log Command line argument: --add-opens=java.base/java.io=ALL-UNNAMED
19-Nov-2024 16:42:14.156 INFO [main] org.apache.catalina.startup.VersionLoggerListener.log Command line argument: --add-opens=java.base/java.util=ALL-UNNAMED
19-Nov-2024 16:42:14.156 INFO [main] org.apache.catalina.startup.VersionLoggerListener.log Command line argument: --add-opens=java.base/java.util.concurrent=ALL-UNNAMED
19-Nov-2024 16:42:14.156 INFO [main] org.apache.catalina.startup.VersionLoggerListener.log Command line argument: --add-opens=java.rmi/sun.rmi.transport=ALL-UNNAMED
19-Nov-2024 16:42:14.156 INFO [main] org.apache.catalina.startup.VersionLoggerListener.log Command line argument: -Dcatalina.base=/Users/brian/Documents/GitHub/Bases-de-Datos-I/SuperLorenz/Tomcat 10.1.33/macOS & Linux Tomcat
19-Nov-2024 16:42:14.156 INFO [main] org.apache.catalina.startup.VersionLoggerListener.log Command line argument: -Dcatalina.home=/Users/brian/Documents/GitHub/Bases-de-Datos-I/SuperLorenz/Tomcat 10.1.33/macOS & Linux Tomcat
19-Nov-2024 16:42:14.156 INFO [main] org.apache.catalina.startup.VersionLoggerListener.log Command line argument: -Djava.io.tmpdir=/Users/brian/Documents/GitHub/Bases-de-Datos-I/SuperLorenz/Tomcat 10.1.33/macOS & Linux Tomcat/temp
19-Nov-2024 16:42:14.165 INFO [main] org.apache.catalina.core.AprLifecycleListener.lifecycleEvent The Apache Tomcat Native library which allows using OpenSSL was not found on the java.library.path: [/Users/brian/Library/Java/Extensions:/Library/Java/Extensions:/Network/Library/Java/Extensions:/System/Library/Java/Extensions:/usr/lib/java:.]
19-Nov-2024 16:42:14.350 INFO [main] org.apache.coyote.AbstractProtocol.init Initializing ProtocolHandler ["http-nio-8080"]
19-Nov-2024 16:42:14.367 INFO [main] org.apache.catalina.startup.Catalina.load Server initialization in [331] milliseconds
19-Nov-2024 16:42:14.387 INFO [main] org.apache.catalina.core.StandardService.startInternal Starting service [Catalina]
19-Nov-2024 16:42:14.387 INFO [main] org.apache.catalina.core.StandardEngine.startInternal Starting Servlet engine: [Apache Tomcat/10.1.33]
19-Nov-2024 16:42:14.391 INFO [main] org.apache.catalina.startup.HostConfig.deployDirectory Deploying web application directory [/Users/brian/Documents/GitHub/Bases-de-Datos-I/SuperLorenz/Tomcat 10.1.33/macOS & Linux Tomcat/webapps/docs]
19-Nov-2024 16:42:14.558 INFO [main] org.apache.catalina.startup.HostConfig.deployDirectory Deployment of web application directory [/Users/brian/Documents/GitHub/Bases-de-Datos-I/SuperLorenz/Tomcat 10.1.33/macOS & Linux Tomcat/webapps/docs] has finished in [167] ms
19-Nov-2024 16:42:14.558 INFO [main] org.apache.catalina.startup.HostConfig.deployDirectory Deploying web application directory [/Users/brian/Documents/GitHub/Bases-de-Datos-I/SuperLorenz/Tomcat 10.1.33/macOS & Linux Tomcat/webapps/manager]
19-Nov-2024 16:42:14.580 INFO [main] org.apache.catalina.startup.HostConfig.deployDirectory Deployment of web application directory [/Users/brian/Documents/GitHub/Bases-de-Datos-I/SuperLorenz/Tomcat 10.1.33/macOS & Linux Tomcat/webapps/manager] has finished in [21] ms
19-Nov-2024 16:42:14.580 INFO [main] org.apache.catalina.startup.HostConfig.deployDirectory Deploying web application directory [/Users/brian/Documents/GitHub/Bases-de-Datos-I/SuperLorenz/Tomcat 10.1.33/macOS & Linux Tomcat/webapps/examples]
19-Nov-2024 16:42:14.701 INFO [main] org.apache.catalina.startup.HostConfig.deployDirectory Deployment of web application directory [/Users/brian/Documents/GitHub/Bases-de-Datos-I/SuperLorenz/Tomcat 10.1.33/macOS & Linux Tomcat/webapps/examples] has finished in [120] ms
19-Nov-2024 16:42:14.701 INFO [main] org.apache.catalina.startup.HostConfig.deployDirectory Deploying web application directory [/Users/brian/Documents/GitHub/Bases-de-Datos-I/SuperLorenz/Tomcat 10.1.33/macOS & Linux Tomcat/webapps/ROOT]
19-Nov-2024 16:42:14.708 INFO [main] org.apache.catalina.startup.HostConfig.deployDirectory Deployment of web application directory [/Users/brian/Documents/GitHub/Bases-de-Datos-I/SuperLorenz/Tomcat 10.1.33/macOS & Linux Tomcat/webapps/ROOT] has finished in [7] ms
19-Nov-2024 16:42:14.709 INFO [main] org.apache.catalina.startup.HostConfig.deployDirectory Deploying web application directory [/Users/brian/Documents/GitHub/Bases-de-Datos-I/SuperLorenz/Tomcat 10.1.33/macOS & Linux Tomcat/webapps/host-manager]
19-Nov-2024 16:42:14.718 INFO [main] org.apache.catalina.startup.HostConfig.deployDirectory Deployment of web application directory [/Users/brian/Documents/GitHub/Bases-de-Datos-I/SuperLorenz/Tomcat 10.1.33/macOS & Linux Tomcat/webapps/host-manager] has finished in [9] ms
19-Nov-2024 16:42:14.720 INFO [main] org.apache.coyote.AbstractProtocol.start Starting ProtocolHandler ["http-nio-8080"]
19-Nov-2024 16:42:14.725 INFO [main] org.apache.catalina.startup.Catalina.start Server startup in [358] milliseconds
19-Nov-2024 16:42:19.330 INFO [http-nio-8080-exec-10] org.apache.catalina.startup.HostConfig.deployDescriptor Deploying deployment descriptor [/Users/brian/Documents/GitHub/Bases-de-Datos-I/SuperLorenz/Tomcat 10.1.33/macOS & Linux Tomcat/conf/Catalina/localhost/SuperLorenzWeb.xml]
19-Nov-2024 16:42:19.331 WARNING [http-nio-8080-exec-10] org.apache.catalina.startup.HostConfig.deployDescriptor The path attribute with value [/SuperLorenzWeb] in deployment descriptor [/Users/brian/Documents/GitHub/Bases-de-Datos-I/SuperLorenz/Tomcat 10.1.33/macOS & Linux Tomcat/conf/Catalina/localhost/SuperLorenzWeb.xml] has been ignored
19-Nov-2024 16:42:19.372 INFO [http-nio-8080-exec-10] org.apache.catalina.startup.HostConfig.deployDescriptor Deployment of deployment descriptor [/Users/brian/Documents/GitHub/Bases-de-Datos-I/SuperLorenz/Tomcat 10.1.33/macOS & Linux Tomcat/conf/Catalina/localhost/SuperLorenzWeb.xml] has finished in [42] ms
19-Nov-2024 16:42:19.376 INFO [http-nio-8080-exec-1] org.apache.catalina.util.LifecycleBase.start The start() method was called on component [StandardEngine[Catalina].StandardHost[localhost].StandardContext[/SuperLorenzWeb]] after start() had already been called. The second call will be ignored.
19-Nov-2024 16:44:05.531 INFO [http-nio-8080-exec-9] org.apache.catalina.core.StandardContext.reload Reloading Context with name [/SuperLorenzWeb] has started
19-Nov-2024 16:44:05.930 INFO [http-nio-8080-exec-9] org.apache.jasper.servlet.TldScanner.scanJars At least one JAR was scanned for TLDs yet contained no TLDs. Enable debug logging for this logger for a complete list of JARs that were scanned but no TLDs were found in them. Skipping unneeded JARs during scanning can improve startup time and JSP compilation time.
19-Nov-2024 16:44:05.931 INFO [http-nio-8080-exec-9] org.apache.catalina.core.StandardContext.reload Reloading Context with name [/SuperLorenzWeb] is completed
19-Nov-2024 16:44:06.593 INFO [http-nio-8080-exec-7] org.apache.catalina.core.StandardContext.reload Reloading Context with name [/SuperLorenzWeb] has started
19-Nov-2024 16:44:06.720 INFO [http-nio-8080-exec-7] org.apache.jasper.servlet.TldScanner.scanJars At least one JAR was scanned for TLDs yet contained no TLDs. Enable debug logging for this logger for a complete list of JARs that were scanned but no TLDs were found in them. Skipping unneeded JARs during scanning can improve startup time and JSP compilation time.
19-Nov-2024 16:44:06.721 INFO [http-nio-8080-exec-7] org.apache.catalina.core.StandardContext.reload Reloading Context with name [/SuperLorenzWeb] is completed
19-Nov-2024 16:44:10.873 INFO [http-nio-8080-exec-2] org.apache.catalina.core.StandardContext.reload Reloading Context with name [/SuperLorenzWeb] has started
19-Nov-2024 16:44:10.985 INFO [http-nio-8080-exec-2] org.apache.jasper.servlet.TldScanner.scanJars At least one JAR was scanned for TLDs yet contained no TLDs. Enable debug logging for this logger for a complete list of JARs that were scanned but no TLDs were found in them. Skipping unneeded JARs during scanning can improve startup time and JSP compilation time.
19-Nov-2024 16:44:10.986 INFO [http-nio-8080-exec-2] org.apache.catalina.core.StandardContext.reload Reloading Context with name [/SuperLorenzWeb] is completed
