26-Oct-2024 15:37:22.467 INFO [main] org.apache.catalina.startup.VersionLoggerListener.log Server version name:   Apache Tomcat/10.1.31
26-Oct-2024 15:37:22.470 INFO [main] org.apache.catalina.startup.VersionLoggerListener.log Server built:          Oct 3 2024 19:02:38 UTC
26-Oct-2024 15:37:22.470 INFO [main] org.apache.catalina.startup.VersionLoggerListener.log Server version number: 10.1.31.0
26-Oct-2024 15:37:22.470 INFO [main] org.apache.catalina.startup.VersionLoggerListener.log OS Name:               Mac OS X
26-Oct-2024 15:37:22.470 INFO [main] org.apache.catalina.startup.VersionLoggerListener.log OS Version:            15.1
26-Oct-2024 15:37:22.470 INFO [main] org.apache.catalina.startup.VersionLoggerListener.log Architecture:          aarch64
26-Oct-2024 15:37:22.470 INFO [main] org.apache.catalina.startup.VersionLoggerListener.log Java Home:             /Library/Java/JavaVirtualMachines/temurin-21.jdk/Contents/Home
26-Oct-2024 15:37:22.470 INFO [main] org.apache.catalina.startup.VersionLoggerListener.log JVM Version:           21.0.4+7-LTS
26-Oct-2024 15:37:22.470 INFO [main] org.apache.catalina.startup.VersionLoggerListener.log JVM Vendor:            Eclipse Adoptium
26-Oct-2024 15:37:22.470 INFO [main] org.apache.catalina.startup.VersionLoggerListener.log CATALINA_BASE:         /Users/brian/Documents/GitHub/Bases-de-Datos-I/SuperLorenz/Tomcat 10.1.31/macOS-&-Linux-apache-tomcat-10.1.31
26-Oct-2024 15:37:22.470 INFO [main] org.apache.catalina.startup.VersionLoggerListener.log CATALINA_HOME:         /Users/brian/Documents/GitHub/Bases-de-Datos-I/SuperLorenz/Tomcat 10.1.31/macOS-&-Linux-apache-tomcat-10.1.31
26-Oct-2024 15:37:22.480 INFO [main] org.apache.catalina.startup.VersionLoggerListener.log Command line argument: -Djava.util.logging.config.file=/Users/brian/Documents/GitHub/Bases-de-Datos-I/SuperLorenz/Tomcat 10.1.31/macOS-&-Linux-apache-tomcat-10.1.31/conf/logging.properties
26-Oct-2024 15:37:22.481 INFO [main] org.apache.catalina.startup.VersionLoggerListener.log Command line argument: -Djava.util.logging.manager=org.apache.juli.ClassLoaderLogManager
26-Oct-2024 15:37:22.481 INFO [main] org.apache.catalina.startup.VersionLoggerListener.log Command line argument: -Dhttp.nonProxyHosts=localhost|127.0.0.1|Brians-MacBook-Air
26-Oct-2024 15:37:22.481 INFO [main] org.apache.catalina.startup.VersionLoggerListener.log Command line argument: -Djdk.tls.ephemeralDHKeySize=2048
26-Oct-2024 15:37:22.481 INFO [main] org.apache.catalina.startup.VersionLoggerListener.log Command line argument: -Djava.protocol.handler.pkgs=org.apache.catalina.webresources
26-Oct-2024 15:37:22.481 INFO [main] org.apache.catalina.startup.VersionLoggerListener.log Command line argument: -Dorg.apache.catalina.security.SecurityListener.UMASK=0027
26-Oct-2024 15:37:22.481 INFO [main] org.apache.catalina.startup.VersionLoggerListener.log Command line argument: --add-opens=java.base/java.lang=ALL-UNNAMED
26-Oct-2024 15:37:22.481 INFO [main] org.apache.catalina.startup.VersionLoggerListener.log Command line argument: --add-opens=java.base/java.io=ALL-UNNAMED
26-Oct-2024 15:37:22.481 INFO [main] org.apache.catalina.startup.VersionLoggerListener.log Command line argument: --add-opens=java.base/java.util=ALL-UNNAMED
26-Oct-2024 15:37:22.481 INFO [main] org.apache.catalina.startup.VersionLoggerListener.log Command line argument: --add-opens=java.base/java.util.concurrent=ALL-UNNAMED
26-Oct-2024 15:37:22.481 INFO [main] org.apache.catalina.startup.VersionLoggerListener.log Command line argument: --add-opens=java.rmi/sun.rmi.transport=ALL-UNNAMED
26-Oct-2024 15:37:22.481 INFO [main] org.apache.catalina.startup.VersionLoggerListener.log Command line argument: -Dcatalina.base=/Users/brian/Documents/GitHub/Bases-de-Datos-I/SuperLorenz/Tomcat 10.1.31/macOS-&-Linux-apache-tomcat-10.1.31
26-Oct-2024 15:37:22.481 INFO [main] org.apache.catalina.startup.VersionLoggerListener.log Command line argument: -Dcatalina.home=/Users/brian/Documents/GitHub/Bases-de-Datos-I/SuperLorenz/Tomcat 10.1.31/macOS-&-Linux-apache-tomcat-10.1.31
26-Oct-2024 15:37:22.481 INFO [main] org.apache.catalina.startup.VersionLoggerListener.log Command line argument: -Djava.io.tmpdir=/Users/brian/Documents/GitHub/Bases-de-Datos-I/SuperLorenz/Tomcat 10.1.31/macOS-&-Linux-apache-tomcat-10.1.31/temp
26-Oct-2024 15:37:22.490 INFO [main] org.apache.catalina.core.AprLifecycleListener.lifecycleEvent The Apache Tomcat Native library which allows using OpenSSL was not found on the java.library.path: [/Users/brian/Library/Java/Extensions:/Library/Java/Extensions:/Network/Library/Java/Extensions:/System/Library/Java/Extensions:/usr/lib/java:.]
26-Oct-2024 15:37:22.662 INFO [main] org.apache.coyote.AbstractProtocol.init Initializing ProtocolHandler ["http-nio-8080"]
26-Oct-2024 15:37:22.682 INFO [main] org.apache.catalina.startup.Catalina.load Server initialization in [311] milliseconds
26-Oct-2024 15:37:22.792 INFO [main] org.apache.catalina.core.StandardService.startInternal Starting service [Catalina]
26-Oct-2024 15:37:22.792 INFO [main] org.apache.catalina.core.StandardEngine.startInternal Starting Servlet engine: [Apache Tomcat/10.1.31]
26-Oct-2024 15:37:22.813 INFO [main] org.apache.catalina.startup.HostConfig.deployDirectory Deploying web application directory [/Users/brian/Documents/GitHub/Bases-de-Datos-I/SuperLorenz/Tomcat 10.1.31/macOS-&-Linux-apache-tomcat-10.1.31/webapps/docs]
26-Oct-2024 15:37:23.090 INFO [main] org.apache.catalina.startup.HostConfig.deployDirectory Deployment of web application directory [/Users/brian/Documents/GitHub/Bases-de-Datos-I/SuperLorenz/Tomcat 10.1.31/macOS-&-Linux-apache-tomcat-10.1.31/webapps/docs] has finished in [276] ms
26-Oct-2024 15:37:23.090 INFO [main] org.apache.catalina.startup.HostConfig.deployDirectory Deploying web application directory [/Users/brian/Documents/GitHub/Bases-de-Datos-I/SuperLorenz/Tomcat 10.1.31/macOS-&-Linux-apache-tomcat-10.1.31/webapps/manager]
26-Oct-2024 15:37:23.111 INFO [main] org.apache.catalina.startup.HostConfig.deployDirectory Deployment of web application directory [/Users/brian/Documents/GitHub/Bases-de-Datos-I/SuperLorenz/Tomcat 10.1.31/macOS-&-Linux-apache-tomcat-10.1.31/webapps/manager] has finished in [21] ms
26-Oct-2024 15:37:23.111 INFO [main] org.apache.catalina.startup.HostConfig.deployDirectory Deploying web application directory [/Users/brian/Documents/GitHub/Bases-de-Datos-I/SuperLorenz/Tomcat 10.1.31/macOS-&-Linux-apache-tomcat-10.1.31/webapps/examples]
26-Oct-2024 15:37:23.221 INFO [main] org.apache.catalina.startup.HostConfig.deployDirectory Deployment of web application directory [/Users/brian/Documents/GitHub/Bases-de-Datos-I/SuperLorenz/Tomcat 10.1.31/macOS-&-Linux-apache-tomcat-10.1.31/webapps/examples] has finished in [110] ms
26-Oct-2024 15:37:23.222 INFO [main] org.apache.catalina.startup.HostConfig.deployDirectory Deploying web application directory [/Users/brian/Documents/GitHub/Bases-de-Datos-I/SuperLorenz/Tomcat 10.1.31/macOS-&-Linux-apache-tomcat-10.1.31/webapps/ROOT]
26-Oct-2024 15:37:23.230 INFO [main] org.apache.catalina.startup.HostConfig.deployDirectory Deployment of web application directory [/Users/brian/Documents/GitHub/Bases-de-Datos-I/SuperLorenz/Tomcat 10.1.31/macOS-&-Linux-apache-tomcat-10.1.31/webapps/ROOT] has finished in [8] ms
26-Oct-2024 15:37:23.230 INFO [main] org.apache.catalina.startup.HostConfig.deployDirectory Deploying web application directory [/Users/brian/Documents/GitHub/Bases-de-Datos-I/SuperLorenz/Tomcat 10.1.31/macOS-&-Linux-apache-tomcat-10.1.31/webapps/host-manager]
26-Oct-2024 15:37:23.243 INFO [main] org.apache.catalina.startup.HostConfig.deployDirectory Deployment of web application directory [/Users/brian/Documents/GitHub/Bases-de-Datos-I/SuperLorenz/Tomcat 10.1.31/macOS-&-Linux-apache-tomcat-10.1.31/webapps/host-manager] has finished in [13] ms
26-Oct-2024 15:37:23.245 INFO [main] org.apache.coyote.AbstractProtocol.start Starting ProtocolHandler ["http-nio-8080"]
26-Oct-2024 15:37:23.251 INFO [main] org.apache.catalina.startup.Catalina.start Server startup in [568] milliseconds
26-Oct-2024 15:37:31.801 INFO [http-nio-8080-exec-1] org.apache.catalina.startup.HostConfig.deployDescriptor Deploying deployment descriptor [/Users/brian/Documents/GitHub/Bases-de-Datos-I/SuperLorenz/Tomcat 10.1.31/macOS-&-Linux-apache-tomcat-10.1.31/conf/Catalina/localhost/SuperLorenz.xml]
26-Oct-2024 15:37:31.802 WARNING [http-nio-8080-exec-1] org.apache.catalina.startup.HostConfig.deployDescriptor The path attribute with value [/SuperLorenz] in deployment descriptor [/Users/brian/Documents/GitHub/Bases-de-Datos-I/SuperLorenz/Tomcat 10.1.31/macOS-&-Linux-apache-tomcat-10.1.31/conf/Catalina/localhost/SuperLorenz.xml] has been ignored
26-Oct-2024 15:37:31.973 INFO [http-nio-8080-exec-1] org.apache.jasper.servlet.TldScanner.scanJars At least one JAR was scanned for TLDs yet contained no TLDs. Enable debug logging for this logger for a complete list of JARs that were scanned but no TLDs were found in them. Skipping unneeded JARs during scanning can improve startup time and JSP compilation time.
26-Oct-2024 15:37:31.977 INFO [http-nio-8080-exec-1] org.apache.catalina.startup.HostConfig.deployDescriptor Deployment of deployment descriptor [/Users/brian/Documents/GitHub/Bases-de-Datos-I/SuperLorenz/Tomcat 10.1.31/macOS-&-Linux-apache-tomcat-10.1.31/conf/Catalina/localhost/SuperLorenz.xml] has finished in [176] ms
26-Oct-2024 15:37:31.980 INFO [http-nio-8080-exec-2] org.apache.catalina.util.LifecycleBase.start The start() method was called on component [StandardEngine[Catalina].StandardHost[localhost].StandardContext[/SuperLorenz]] after start() had already been called. The second call will be ignored.
26-Oct-2024 15:43:26.723 INFO [http-nio-8080-exec-7] org.apache.jasper.servlet.TldScanner.scanJars At least one JAR was scanned for TLDs yet contained no TLDs. Enable debug logging for this logger for a complete list of JARs that were scanned but no TLDs were found in them. Skipping unneeded JARs during scanning can improve startup time and JSP compilation time.
26-Oct-2024 15:43:27.184 INFO [http-nio-8080-exec-8] org.apache.jasper.servlet.TldScanner.scanJars At least one JAR was scanned for TLDs yet contained no TLDs. Enable debug logging for this logger for a complete list of JARs that were scanned but no TLDs were found in them. Skipping unneeded JARs during scanning can improve startup time and JSP compilation time.
26-Oct-2024 15:43:30.929 INFO [http-nio-8080-exec-5] org.apache.jasper.servlet.TldScanner.scanJars At least one JAR was scanned for TLDs yet contained no TLDs. Enable debug logging for this logger for a complete list of JARs that were scanned but no TLDs were found in them. Skipping unneeded JARs during scanning can improve startup time and JSP compilation time.
26-Oct-2024 15:43:33.604 INFO [Catalina-utility-1] org.apache.catalina.startup.HostConfig.reload Reloading context [/SuperLorenz]
26-Oct-2024 15:43:33.605 INFO [Catalina-utility-1] org.apache.catalina.core.StandardContext.reload Reloading Context with name [/SuperLorenz] has started
26-Oct-2024 15:43:33.772 INFO [Catalina-utility-1] org.apache.jasper.servlet.TldScanner.scanJars At least one JAR was scanned for TLDs yet contained no TLDs. Enable debug logging for this logger for a complete list of JARs that were scanned but no TLDs were found in them. Skipping unneeded JARs during scanning can improve startup time and JSP compilation time.
26-Oct-2024 15:43:33.773 INFO [Catalina-utility-1] org.apache.catalina.core.StandardContext.reload Reloading Context with name [/SuperLorenz] is completed
26-Oct-2024 15:50:48.593 INFO [http-nio-8080-exec-15] org.apache.catalina.core.StandardContext.reload Reloading Context with name [/SuperLorenz] has started
26-Oct-2024 15:50:48.843 INFO [http-nio-8080-exec-15] org.apache.jasper.servlet.TldScanner.scanJars At least one JAR was scanned for TLDs yet contained no TLDs. Enable debug logging for this logger for a complete list of JARs that were scanned but no TLDs were found in them. Skipping unneeded JARs during scanning can improve startup time and JSP compilation time.
26-Oct-2024 15:50:48.844 INFO [http-nio-8080-exec-15] org.apache.catalina.core.StandardContext.reload Reloading Context with name [/SuperLorenz] is completed
26-Oct-2024 15:50:49.176 INFO [http-nio-8080-exec-13] org.apache.catalina.core.StandardContext.reload Reloading Context with name [/SuperLorenz] has started
26-Oct-2024 15:50:49.315 INFO [http-nio-8080-exec-13] org.apache.jasper.servlet.TldScanner.scanJars At least one JAR was scanned for TLDs yet contained no TLDs. Enable debug logging for this logger for a complete list of JARs that were scanned but no TLDs were found in them. Skipping unneeded JARs during scanning can improve startup time and JSP compilation time.
26-Oct-2024 15:50:49.316 INFO [http-nio-8080-exec-13] org.apache.catalina.core.StandardContext.reload Reloading Context with name [/SuperLorenz] is completed
26-Oct-2024 15:51:25.672 INFO [http-nio-8080-exec-18] org.apache.catalina.core.StandardContext.reload Reloading Context with name [/SuperLorenz] has started
26-Oct-2024 15:51:25.844 INFO [http-nio-8080-exec-18] org.apache.jasper.servlet.TldScanner.scanJars At least one JAR was scanned for TLDs yet contained no TLDs. Enable debug logging for this logger for a complete list of JARs that were scanned but no TLDs were found in them. Skipping unneeded JARs during scanning can improve startup time and JSP compilation time.
26-Oct-2024 15:51:25.844 INFO [http-nio-8080-exec-18] org.apache.catalina.core.StandardContext.reload Reloading Context with name [/SuperLorenz] is completed
26-Oct-2024 15:51:26.171 INFO [http-nio-8080-exec-9] org.apache.catalina.core.StandardContext.reload Reloading Context with name [/SuperLorenz] has started
26-Oct-2024 15:51:26.311 INFO [http-nio-8080-exec-9] org.apache.jasper.servlet.TldScanner.scanJars At least one JAR was scanned for TLDs yet contained no TLDs. Enable debug logging for this logger for a complete list of JARs that were scanned but no TLDs were found in them. Skipping unneeded JARs during scanning can improve startup time and JSP compilation time.
26-Oct-2024 15:51:26.311 INFO [http-nio-8080-exec-9] org.apache.catalina.core.StandardContext.reload Reloading Context with name [/SuperLorenz] is completed
26-Oct-2024 15:51:51.365 INFO [http-nio-8080-exec-21] org.apache.jasper.servlet.TldScanner.scanJars At least one JAR was scanned for TLDs yet contained no TLDs. Enable debug logging for this logger for a complete list of JARs that were scanned but no TLDs were found in them. Skipping unneeded JARs during scanning can improve startup time and JSP compilation time.
26-Oct-2024 15:51:53.105 INFO [http-nio-8080-exec-9] org.apache.catalina.core.StandardContext.reload Reloading Context with name [/SuperLorenz] has started
26-Oct-2024 15:51:53.259 INFO [http-nio-8080-exec-9] org.apache.jasper.servlet.TldScanner.scanJars At least one JAR was scanned for TLDs yet contained no TLDs. Enable debug logging for this logger for a complete list of JARs that were scanned but no TLDs were found in them. Skipping unneeded JARs during scanning can improve startup time and JSP compilation time.
26-Oct-2024 15:51:53.260 INFO [http-nio-8080-exec-9] org.apache.catalina.core.StandardContext.reload Reloading Context with name [/SuperLorenz] is completed
26-Oct-2024 15:51:54.207 INFO [Catalina-utility-2] org.apache.catalina.startup.HostConfig.reload Reloading context [/SuperLorenz]
26-Oct-2024 15:51:54.207 INFO [Catalina-utility-2] org.apache.catalina.core.StandardContext.reload Reloading Context with name [/SuperLorenz] has started
26-Oct-2024 15:51:54.362 INFO [Catalina-utility-2] org.apache.jasper.servlet.TldScanner.scanJars At least one JAR was scanned for TLDs yet contained no TLDs. Enable debug logging for this logger for a complete list of JARs that were scanned but no TLDs were found in them. Skipping unneeded JARs during scanning can improve startup time and JSP compilation time.
26-Oct-2024 15:51:54.362 INFO [Catalina-utility-2] org.apache.catalina.core.StandardContext.reload Reloading Context with name [/SuperLorenz] is completed
26-Oct-2024 15:52:13.025 INFO [http-nio-8080-exec-18] org.apache.catalina.core.StandardContext.reload Reloading Context with name [/SuperLorenz] has started
26-Oct-2024 15:52:13.180 INFO [http-nio-8080-exec-18] org.apache.jasper.servlet.TldScanner.scanJars At least one JAR was scanned for TLDs yet contained no TLDs. Enable debug logging for this logger for a complete list of JARs that were scanned but no TLDs were found in them. Skipping unneeded JARs during scanning can improve startup time and JSP compilation time.
26-Oct-2024 15:52:13.184 INFO [http-nio-8080-exec-18] org.apache.catalina.core.StandardContext.reload Reloading Context with name [/SuperLorenz] is completed
26-Oct-2024 15:52:16.849 INFO [http-nio-8080-exec-14] org.apache.catalina.core.StandardContext.reload Reloading Context with name [/SuperLorenz] has started
26-Oct-2024 15:52:17.005 INFO [http-nio-8080-exec-14] org.apache.jasper.servlet.TldScanner.scanJars At least one JAR was scanned for TLDs yet contained no TLDs. Enable debug logging for this logger for a complete list of JARs that were scanned but no TLDs were found in them. Skipping unneeded JARs during scanning can improve startup time and JSP compilation time.
26-Oct-2024 15:52:17.006 INFO [http-nio-8080-exec-14] org.apache.catalina.core.StandardContext.reload Reloading Context with name [/SuperLorenz] is completed
26-Oct-2024 15:52:18.444 INFO [http-nio-8080-exec-15] org.apache.catalina.core.StandardContext.reload Reloading Context with name [/SuperLorenz] has started
26-Oct-2024 15:52:18.561 INFO [http-nio-8080-exec-15] org.apache.jasper.servlet.TldScanner.scanJars At least one JAR was scanned for TLDs yet contained no TLDs. Enable debug logging for this logger for a complete list of JARs that were scanned but no TLDs were found in them. Skipping unneeded JARs during scanning can improve startup time and JSP compilation time.
26-Oct-2024 15:52:18.561 INFO [http-nio-8080-exec-15] org.apache.catalina.core.StandardContext.reload Reloading Context with name [/SuperLorenz] is completed
26-Oct-2024 15:52:38.546 INFO [http-nio-8080-exec-25] org.apache.jasper.servlet.TldScanner.scanJars At least one JAR was scanned for TLDs yet contained no TLDs. Enable debug logging for this logger for a complete list of JARs that were scanned but no TLDs were found in them. Skipping unneeded JARs during scanning can improve startup time and JSP compilation time.
26-Oct-2024 15:52:40.341 INFO [http-nio-8080-exec-15] org.apache.catalina.core.StandardContext.reload Reloading Context with name [/SuperLorenz] has started
26-Oct-2024 15:52:40.632 INFO [http-nio-8080-exec-15] org.apache.jasper.servlet.TldScanner.scanJars At least one JAR was scanned for TLDs yet contained no TLDs. Enable debug logging for this logger for a complete list of JARs that were scanned but no TLDs were found in them. Skipping unneeded JARs during scanning can improve startup time and JSP compilation time.
26-Oct-2024 15:52:40.633 INFO [http-nio-8080-exec-15] org.apache.catalina.core.StandardContext.reload Reloading Context with name [/SuperLorenz] is completed
26-Oct-2024 15:52:44.464 INFO [Catalina-utility-1] org.apache.catalina.startup.HostConfig.reload Reloading context [/SuperLorenz]
26-Oct-2024 15:52:44.465 INFO [Catalina-utility-1] org.apache.catalina.core.StandardContext.reload Reloading Context with name [/SuperLorenz] has started
26-Oct-2024 15:52:44.609 INFO [Catalina-utility-1] org.apache.jasper.servlet.TldScanner.scanJars At least one JAR was scanned for TLDs yet contained no TLDs. Enable debug logging for this logger for a complete list of JARs that were scanned but no TLDs were found in them. Skipping unneeded JARs during scanning can improve startup time and JSP compilation time.
26-Oct-2024 15:52:44.609 INFO [Catalina-utility-1] org.apache.catalina.core.StandardContext.reload Reloading Context with name [/SuperLorenz] is completed
26-Oct-2024 15:53:24.998 INFO [http-nio-8080-exec-2] org.apache.jasper.servlet.TldScanner.scanJars At least one JAR was scanned for TLDs yet contained no TLDs. Enable debug logging for this logger for a complete list of JARs that were scanned but no TLDs were found in them. Skipping unneeded JARs during scanning can improve startup time and JSP compilation time.
26-Oct-2024 15:53:26.836 INFO [http-nio-8080-exec-30] org.apache.catalina.core.StandardContext.reload Reloading Context with name [/SuperLorenz] has started
26-Oct-2024 15:53:27.005 INFO [http-nio-8080-exec-30] org.apache.jasper.servlet.TldScanner.scanJars At least one JAR was scanned for TLDs yet contained no TLDs. Enable debug logging for this logger for a complete list of JARs that were scanned but no TLDs were found in them. Skipping unneeded JARs during scanning can improve startup time and JSP compilation time.
26-Oct-2024 15:53:27.010 INFO [http-nio-8080-exec-30] org.apache.catalina.core.StandardContext.reload Reloading Context with name [/SuperLorenz] is completed
26-Oct-2024 15:53:34.659 INFO [Catalina-utility-1] org.apache.catalina.startup.HostConfig.reload Reloading context [/SuperLorenz]
26-Oct-2024 15:53:34.660 INFO [Catalina-utility-1] org.apache.catalina.core.StandardContext.reload Reloading Context with name [/SuperLorenz] has started
26-Oct-2024 15:53:34.811 INFO [Catalina-utility-1] org.apache.jasper.servlet.TldScanner.scanJars At least one JAR was scanned for TLDs yet contained no TLDs. Enable debug logging for this logger for a complete list of JARs that were scanned but no TLDs were found in them. Skipping unneeded JARs during scanning can improve startup time and JSP compilation time.
26-Oct-2024 15:53:34.812 INFO [Catalina-utility-1] org.apache.catalina.core.StandardContext.reload Reloading Context with name [/SuperLorenz] is completed
26-Oct-2024 15:54:23.292 INFO [http-nio-8080-exec-2] org.apache.jasper.servlet.TldScanner.scanJars At least one JAR was scanned for TLDs yet contained no TLDs. Enable debug logging for this logger for a complete list of JARs that were scanned but no TLDs were found in them. Skipping unneeded JARs during scanning can improve startup time and JSP compilation time.
26-Oct-2024 15:54:24.863 INFO [Catalina-utility-1] org.apache.catalina.startup.HostConfig.reload Reloading context [/SuperLorenz]
26-Oct-2024 15:54:24.863 INFO [Catalina-utility-1] org.apache.catalina.core.StandardContext.reload Reloading Context with name [/SuperLorenz] has started
26-Oct-2024 15:54:25.010 INFO [Catalina-utility-1] org.apache.jasper.servlet.TldScanner.scanJars At least one JAR was scanned for TLDs yet contained no TLDs. Enable debug logging for this logger for a complete list of JARs that were scanned but no TLDs were found in them. Skipping unneeded JARs during scanning can improve startup time and JSP compilation time.
26-Oct-2024 15:54:25.011 INFO [Catalina-utility-1] org.apache.catalina.core.StandardContext.reload Reloading Context with name [/SuperLorenz] is completed
26-Oct-2024 15:54:25.063 INFO [http-nio-8080-exec-28] org.apache.catalina.core.StandardContext.reload Reloading Context with name [/SuperLorenz] has started
26-Oct-2024 15:54:25.224 INFO [http-nio-8080-exec-28] org.apache.jasper.servlet.TldScanner.scanJars At least one JAR was scanned for TLDs yet contained no TLDs. Enable debug logging for this logger for a complete list of JARs that were scanned but no TLDs were found in them. Skipping unneeded JARs during scanning can improve startup time and JSP compilation time.
26-Oct-2024 15:54:25.225 INFO [http-nio-8080-exec-28] org.apache.catalina.core.StandardContext.reload Reloading Context with name [/SuperLorenz] is completed
26-Oct-2024 15:55:56.780 INFO [http-nio-8080-exec-2] org.apache.catalina.core.StandardContext.reload Reloading Context with name [/SuperLorenz] has started
26-Oct-2024 15:55:56.927 INFO [http-nio-8080-exec-2] org.apache.jasper.servlet.TldScanner.scanJars At least one JAR was scanned for TLDs yet contained no TLDs. Enable debug logging for this logger for a complete list of JARs that were scanned but no TLDs were found in them. Skipping unneeded JARs during scanning can improve startup time and JSP compilation time.
26-Oct-2024 15:55:56.928 INFO [http-nio-8080-exec-2] org.apache.catalina.core.StandardContext.reload Reloading Context with name [/SuperLorenz] is completed
26-Oct-2024 15:55:57.254 INFO [http-nio-8080-exec-23] org.apache.catalina.core.StandardContext.reload Reloading Context with name [/SuperLorenz] has started
26-Oct-2024 15:55:57.357 INFO [http-nio-8080-exec-23] org.apache.jasper.servlet.TldScanner.scanJars At least one JAR was scanned for TLDs yet contained no TLDs. Enable debug logging for this logger for a complete list of JARs that were scanned but no TLDs were found in them. Skipping unneeded JARs during scanning can improve startup time and JSP compilation time.
26-Oct-2024 15:55:57.358 INFO [http-nio-8080-exec-23] org.apache.catalina.core.StandardContext.reload Reloading Context with name [/SuperLorenz] is completed
26-Oct-2024 15:58:51.023 INFO [http-nio-8080-exec-36] org.apache.catalina.core.StandardContext.reload Reloading Context with name [/SuperLorenz] has started
26-Oct-2024 15:58:51.282 INFO [http-nio-8080-exec-36] org.apache.jasper.servlet.TldScanner.scanJars At least one JAR was scanned for TLDs yet contained no TLDs. Enable debug logging for this logger for a complete list of JARs that were scanned but no TLDs were found in them. Skipping unneeded JARs during scanning can improve startup time and JSP compilation time.
26-Oct-2024 15:58:51.284 INFO [http-nio-8080-exec-36] org.apache.catalina.core.StandardContext.reload Reloading Context with name [/SuperLorenz] is completed
26-Oct-2024 15:58:51.609 INFO [http-nio-8080-exec-27] org.apache.catalina.core.StandardContext.reload Reloading Context with name [/SuperLorenz] has started
26-Oct-2024 15:58:51.756 INFO [http-nio-8080-exec-27] org.apache.jasper.servlet.TldScanner.scanJars At least one JAR was scanned for TLDs yet contained no TLDs. Enable debug logging for this logger for a complete list of JARs that were scanned but no TLDs were found in them. Skipping unneeded JARs during scanning can improve startup time and JSP compilation time.
26-Oct-2024 15:58:51.757 INFO [http-nio-8080-exec-27] org.apache.catalina.core.StandardContext.reload Reloading Context with name [/SuperLorenz] is completed
26-Oct-2024 15:59:33.797 INFO [http-nio-8080-exec-23] org.apache.catalina.core.StandardContext.reload Reloading Context with name [/SuperLorenz] has started
26-Oct-2024 15:59:33.944 INFO [http-nio-8080-exec-23] org.apache.jasper.servlet.TldScanner.scanJars At least one JAR was scanned for TLDs yet contained no TLDs. Enable debug logging for this logger for a complete list of JARs that were scanned but no TLDs were found in them. Skipping unneeded JARs during scanning can improve startup time and JSP compilation time.
26-Oct-2024 15:59:33.945 INFO [http-nio-8080-exec-23] org.apache.catalina.core.StandardContext.reload Reloading Context with name [/SuperLorenz] is completed
26-Oct-2024 15:59:34.261 INFO [http-nio-8080-exec-15] org.apache.catalina.core.StandardContext.reload Reloading Context with name [/SuperLorenz] has started
26-Oct-2024 15:59:34.411 INFO [http-nio-8080-exec-15] org.apache.jasper.servlet.TldScanner.scanJars At least one JAR was scanned for TLDs yet contained no TLDs. Enable debug logging for this logger for a complete list of JARs that were scanned but no TLDs were found in them. Skipping unneeded JARs during scanning can improve startup time and JSP compilation time.
26-Oct-2024 15:59:34.412 INFO [http-nio-8080-exec-15] org.apache.catalina.core.StandardContext.reload Reloading Context with name [/SuperLorenz] is completed
