26-Oct-2024 15:37:31.731 INFO [http-nio-8080-exec-4] org.apache.catalina.core.ApplicationContext.log Manager: init: Associated with Deployer 'Catalina:type=Deployer,host=localhost'
26-Oct-2024 15:37:31.731 INFO [http-nio-8080-exec-4] org.apache.catalina.core.ApplicationContext.log Manager: init: Global resources are available
26-Oct-2024 15:37:31.772 INFO [http-nio-8080-exec-9] org.apache.catalina.core.ApplicationContext.log Manager: list: Listing contexts for virtual host 'localhost'
26-Oct-2024 15:37:31.777 INFO [http-nio-8080-exec-10] org.apache.catalina.core.ApplicationContext.log Manager: list: Listing contexts for virtual host 'localhost'
26-Oct-2024 15:37:31.797 INFO [http-nio-8080-exec-1] org.apache.catalina.core.ApplicationContext.log Manager: install: Installing context configuration at 'file:/var/folders/2f/xp6c80ys1vv3ygqpc47fwg8w0000gn/T/context5837726052948910685.xml'
26-Oct-2024 15:37:31.980 INFO [http-nio-8080-exec-2] org.apache.catalina.core.ApplicationContext.log Manager: start: Starting web application '/SuperLorenz'
26-Oct-2024 15:38:44.953 INFO [http-nio-8080-exec-10] org.apache.catalina.core.ApplicationContext.log Manager: list: Listing contexts for virtual host 'localhost'
26-Oct-2024 15:38:45.298 INFO [http-nio-8080-exec-2] org.apache.catalina.core.ApplicationContext.log Manager: list: Listing contexts for virtual host 'localhost'
26-Oct-2024 15:39:52.037 INFO [http-nio-8080-exec-7] org.apache.catalina.core.ApplicationContext.log Manager: list: Listing contexts for virtual host 'localhost'
26-Oct-2024 15:39:57.166 INFO [http-nio-8080-exec-6] org.apache.catalina.core.ApplicationContext.log Manager: list: Listing contexts for virtual host 'localhost'
26-Oct-2024 15:43:26.436 INFO [http-nio-8080-exec-2] org.apache.catalina.core.ApplicationContext.log Manager: list: Listing contexts for virtual host 'localhost'
26-Oct-2024 15:43:26.443 INFO [http-nio-8080-exec-10] org.apache.catalina.core.ApplicationContext.log Manager: stop: Stopping web application '/SuperLorenz'
26-Oct-2024 15:43:26.489 INFO [http-nio-8080-exec-7] org.apache.catalina.core.ApplicationContext.log Manager: start: Starting web application '/SuperLorenz'
26-Oct-2024 15:43:27.045 INFO [http-nio-8080-exec-6] org.apache.catalina.core.ApplicationContext.log Manager: list: Listing contexts for virtual host 'localhost'
26-Oct-2024 15:43:27.054 INFO [http-nio-8080-exec-11] org.apache.catalina.core.ApplicationContext.log Manager: stop: Stopping web application '/SuperLorenz'
26-Oct-2024 15:43:27.060 INFO [http-nio-8080-exec-8] org.apache.catalina.core.ApplicationContext.log Manager: start: Starting web application '/SuperLorenz'
26-Oct-2024 15:43:30.724 INFO [http-nio-8080-exec-2] org.apache.catalina.core.ApplicationContext.log Manager: list: Listing contexts for virtual host 'localhost'
26-Oct-2024 15:43:30.729 INFO [http-nio-8080-exec-7] org.apache.catalina.core.ApplicationContext.log Manager: stop: Stopping web application '/SuperLorenz'
26-Oct-2024 15:43:30.736 INFO [http-nio-8080-exec-5] org.apache.catalina.core.ApplicationContext.log Manager: start: Starting web application '/SuperLorenz'
26-Oct-2024 15:50:48.585 INFO [http-nio-8080-exec-14] org.apache.catalina.core.ApplicationContext.log Manager: list: Listing contexts for virtual host 'localhost'
26-Oct-2024 15:50:48.593 INFO [http-nio-8080-exec-15] org.apache.catalina.core.ApplicationContext.log Manager: restart: Reloading web application '/SuperLorenz'
26-Oct-2024 15:50:49.170 INFO [http-nio-8080-exec-18] org.apache.catalina.core.ApplicationContext.log Manager: list: Listing contexts for virtual host 'localhost'
26-Oct-2024 15:50:49.176 INFO [http-nio-8080-exec-13] org.apache.catalina.core.ApplicationContext.log Manager: restart: Reloading web application '/SuperLorenz'
26-Oct-2024 15:51:25.665 INFO [http-nio-8080-exec-19] org.apache.catalina.core.ApplicationContext.log Manager: list: Listing contexts for virtual host 'localhost'
26-Oct-2024 15:51:25.672 INFO [http-nio-8080-exec-18] org.apache.catalina.core.ApplicationContext.log Manager: restart: Reloading web application '/SuperLorenz'
26-Oct-2024 15:51:26.166 INFO [http-nio-8080-exec-20] org.apache.catalina.core.ApplicationContext.log Manager: list: Listing contexts for virtual host 'localhost'
26-Oct-2024 15:51:26.171 INFO [http-nio-8080-exec-9] org.apache.catalina.core.ApplicationContext.log Manager: restart: Reloading web application '/SuperLorenz'
26-Oct-2024 15:51:51.224 INFO [http-nio-8080-exec-20] org.apache.catalina.core.ApplicationContext.log Manager: list: Listing contexts for virtual host 'localhost'
26-Oct-2024 15:51:51.229 INFO [http-nio-8080-exec-14] org.apache.catalina.core.ApplicationContext.log Manager: stop: Stopping web application '/SuperLorenz'
26-Oct-2024 15:51:51.239 INFO [http-nio-8080-exec-21] org.apache.catalina.core.ApplicationContext.log Manager: start: Starting web application '/SuperLorenz'
26-Oct-2024 15:51:52.779 INFO [http-nio-8080-exec-19] org.apache.catalina.core.ApplicationContext.log Manager: list: Listing contexts for virtual host 'localhost'
26-Oct-2024 15:51:53.099 INFO [http-nio-8080-exec-23] org.apache.catalina.core.ApplicationContext.log Manager: list: Listing contexts for virtual host 'localhost'
26-Oct-2024 15:51:53.105 INFO [http-nio-8080-exec-9] org.apache.catalina.core.ApplicationContext.log Manager: restart: Reloading web application '/SuperLorenz'
26-Oct-2024 15:52:12.637 INFO [http-nio-8080-exec-23] org.apache.catalina.core.ApplicationContext.log Manager: list: Listing contexts for virtual host 'localhost'
26-Oct-2024 15:52:13.018 INFO [http-nio-8080-exec-2] org.apache.catalina.core.ApplicationContext.log Manager: list: Listing contexts for virtual host 'localhost'
26-Oct-2024 15:52:13.024 INFO [http-nio-8080-exec-18] org.apache.catalina.core.ApplicationContext.log Manager: restart: Reloading web application '/SuperLorenz'
26-Oct-2024 15:52:16.844 INFO [http-nio-8080-exec-19] org.apache.catalina.core.ApplicationContext.log Manager: list: Listing contexts for virtual host 'localhost'
26-Oct-2024 15:52:16.849 INFO [http-nio-8080-exec-14] org.apache.catalina.core.ApplicationContext.log Manager: restart: Reloading web application '/SuperLorenz'
26-Oct-2024 15:52:18.124 INFO [http-nio-8080-exec-16] org.apache.catalina.core.ApplicationContext.log Manager: list: Listing contexts for virtual host 'localhost'
26-Oct-2024 15:52:18.440 INFO [http-nio-8080-exec-2] org.apache.catalina.core.ApplicationContext.log Manager: list: Listing contexts for virtual host 'localhost'
26-Oct-2024 15:52:18.444 INFO [http-nio-8080-exec-15] org.apache.catalina.core.ApplicationContext.log Manager: restart: Reloading web application '/SuperLorenz'
26-Oct-2024 15:52:38.405 INFO [http-nio-8080-exec-16] org.apache.catalina.core.ApplicationContext.log Manager: list: Listing contexts for virtual host 'localhost'
26-Oct-2024 15:52:38.410 INFO [http-nio-8080-exec-18] org.apache.catalina.core.ApplicationContext.log Manager: stop: Stopping web application '/SuperLorenz'
26-Oct-2024 15:52:38.422 INFO [http-nio-8080-exec-25] org.apache.catalina.core.ApplicationContext.log Manager: start: Starting web application '/SuperLorenz'
26-Oct-2024 15:52:40.009 INFO [http-nio-8080-exec-19] org.apache.catalina.core.ApplicationContext.log Manager: list: Listing contexts for virtual host 'localhost'
26-Oct-2024 15:52:40.334 INFO [http-nio-8080-exec-16] org.apache.catalina.core.ApplicationContext.log Manager: list: Listing contexts for virtual host 'localhost'
26-Oct-2024 15:52:40.341 INFO [http-nio-8080-exec-15] org.apache.catalina.core.ApplicationContext.log Manager: restart: Reloading web application '/SuperLorenz'
26-Oct-2024 15:53:24.845 INFO [http-nio-8080-exec-25] org.apache.catalina.core.ApplicationContext.log Manager: list: Listing contexts for virtual host 'localhost'
26-Oct-2024 15:53:24.852 INFO [http-nio-8080-exec-23] org.apache.catalina.core.ApplicationContext.log Manager: stop: Stopping web application '/SuperLorenz'
26-Oct-2024 15:53:24.859 INFO [http-nio-8080-exec-2] org.apache.catalina.core.ApplicationContext.log Manager: start: Starting web application '/SuperLorenz'
26-Oct-2024 15:53:26.509 INFO [http-nio-8080-exec-26] org.apache.catalina.core.ApplicationContext.log Manager: list: Listing contexts for virtual host 'localhost'
26-Oct-2024 15:53:26.829 INFO [http-nio-8080-exec-28] org.apache.catalina.core.ApplicationContext.log Manager: list: Listing contexts for virtual host 'localhost'
26-Oct-2024 15:53:26.836 INFO [http-nio-8080-exec-30] org.apache.catalina.core.ApplicationContext.log Manager: restart: Reloading web application '/SuperLorenz'
26-Oct-2024 15:54:23.152 INFO [http-nio-8080-exec-19] org.apache.catalina.core.ApplicationContext.log Manager: list: Listing contexts for virtual host 'localhost'
26-Oct-2024 15:54:23.156 INFO [http-nio-8080-exec-23] org.apache.catalina.core.ApplicationContext.log Manager: stop: Stopping web application '/SuperLorenz'
26-Oct-2024 15:54:23.168 INFO [http-nio-8080-exec-2] org.apache.catalina.core.ApplicationContext.log Manager: start: Starting web application '/SuperLorenz'
26-Oct-2024 15:54:24.740 INFO [http-nio-8080-exec-19] org.apache.catalina.core.ApplicationContext.log Manager: list: Listing contexts for virtual host 'localhost'
26-Oct-2024 15:54:25.056 INFO [http-nio-8080-exec-31] org.apache.catalina.core.ApplicationContext.log Manager: list: Listing contexts for virtual host 'localhost'
26-Oct-2024 15:54:25.062 INFO [http-nio-8080-exec-28] org.apache.catalina.core.ApplicationContext.log Manager: restart: Reloading web application '/SuperLorenz'
26-Oct-2024 15:55:56.776 INFO [http-nio-8080-exec-15] org.apache.catalina.core.ApplicationContext.log Manager: list: Listing contexts for virtual host 'localhost'
26-Oct-2024 15:55:56.780 INFO [http-nio-8080-exec-2] org.apache.catalina.core.ApplicationContext.log Manager: restart: Reloading web application '/SuperLorenz'
26-Oct-2024 15:55:57.244 INFO [http-nio-8080-exec-34] org.apache.catalina.core.ApplicationContext.log Manager: list: Listing contexts for virtual host 'localhost'
26-Oct-2024 15:55:57.254 INFO [http-nio-8080-exec-23] org.apache.catalina.core.ApplicationContext.log Manager: restart: Reloading web application '/SuperLorenz'
26-Oct-2024 15:58:51.014 INFO [http-nio-8080-exec-28] org.apache.catalina.core.ApplicationContext.log Manager: list: Listing contexts for virtual host 'localhost'
26-Oct-2024 15:58:51.023 INFO [http-nio-8080-exec-36] org.apache.catalina.core.ApplicationContext.log Manager: restart: Reloading web application '/SuperLorenz'
26-Oct-2024 15:58:51.601 INFO [http-nio-8080-exec-31] org.apache.catalina.core.ApplicationContext.log Manager: list: Listing contexts for virtual host 'localhost'
26-Oct-2024 15:58:51.609 INFO [http-nio-8080-exec-27] org.apache.catalina.core.ApplicationContext.log Manager: restart: Reloading web application '/SuperLorenz'
26-Oct-2024 15:59:33.792 INFO [http-nio-8080-exec-15] org.apache.catalina.core.ApplicationContext.log Manager: list: Listing contexts for virtual host 'localhost'
26-Oct-2024 15:59:33.797 INFO [http-nio-8080-exec-23] org.apache.catalina.core.ApplicationContext.log Manager: restart: Reloading web application '/SuperLorenz'
26-Oct-2024 15:59:34.258 INFO [http-nio-8080-exec-27] org.apache.catalina.core.ApplicationContext.log Manager: list: Listing contexts for virtual host 'localhost'
26-Oct-2024 15:59:34.261 INFO [http-nio-8080-exec-15] org.apache.catalina.core.ApplicationContext.log Manager: restart: Reloading web application '/SuperLorenz'
